[debug] [2024-04-10T03:58:56.094Z] ----------------------------------------------------------------------
[debug] [2024-04-10T03:58:56.096Z] Command:       C:\Program Files\nodejs\node.exe C:\Users\Jagan\AppData\Roaming\npm\node_modules\firebase-tools\lib\bin\firebase.js init
[debug] [2024-04-10T03:58:56.096Z] CLI Version:   13.7.1
[debug] [2024-04-10T03:58:56.097Z] Platform:      win32
[debug] [2024-04-10T03:58:56.097Z] Node Version:  v20.10.0
[debug] [2024-04-10T03:58:56.097Z] Time:          Wed Apr 10 2024 09:28:56 GMT+0530 (India Standard Time)
[debug] [2024-04-10T03:58:56.097Z] ----------------------------------------------------------------------
[debug] 
[debug] [2024-04-10T03:58:56.101Z] > command requires scopes: ["email","openid","https://www.googleapis.com/auth/cloudplatformprojects.readonly","https://www.googleapis.com/auth/firebase","https://www.googleapis.com/auth/cloud-platform"]
[debug] [2024-04-10T03:58:56.101Z] > authorizing via signed-in user (jaganpremmcatronics@gmail.com)
[info] 
     ######## #### ########  ######## ########     ###     ######  ########
     ##        ##  ##     ## ##       ##     ##  ##   ##  ##       ##
     ######    ##  ########  ######   ########  #########  ######  ######
     ##        ##  ##    ##  ##       ##     ## ##     ##       ## ##
     ##       #### ##     ## ######## ########  ##     ##  ######  ########

You're about to initialize a Firebase project in this directory:

  C:\JPKs Folder\Coding Folder - Python Fullstack Course\React - Projects\React_Firebase_Projects\expense_tracker

Before we get started, keep in mind:

  * You are currently outside your home directory

